<?xml version="1.0" encoding="UTF-8"?>
<!-- Generated by org.testng.reporters.JUnitReportReporter -->
<testsuite hostname="QUASPC1211" failures="0" tests="1" name="Test_Project.Test_Project.Test_Class" time="1.076" errors="0" timestamp="2023-06-08T11:59:31 IST" skipped="0">
  <testcase classname="Test_Project.Test_Project.Test_Class" name="palindrome" time="1.076"/>
  <system-out/>
</testsuite> <!-- Test_Project.Test_Project.Test_Class -->
