<?xml version="1.0" encoding="UTF-8"?>
<!-- Generated by org.testng.reporters.JUnitReportReporter -->
<testsuite hostname="QUASPC1211" failures="0" tests="1" name="Test_Project.Test_Project.Home1" time="20.835" errors="0" timestamp="2023-05-24T18:49:09 IST" skipped="0">
  <testcase classname="Test_Project.Test_Project.Home1" name="Test1" time="20.835"/>
  <system-out/>
</testsuite> <!-- Test_Project.Test_Project.Home1 -->
